# JRE version: OpenJDK Runtime Environment (22.0+36) (build 22+36-2370)
# Java VM: OpenJDK 64-Bit Server VM (22+36-2370, mixed mode, sharing, tiered, compressed oops, compressed class ptrs, g1 gc, windows-amd64)
GC Precious Log:
 CardTable entry size: 512
 Card Set container configuration: InlinePtr #cards 4 size 8 Array Of Cards #cards 32 size 80 Howl #buckets 8 coarsen threshold 7372 Howl Bitmap #cards 1024 size 144 coarsen threshold 921 Card regions per heap region 1 cards per card region 8192
 CPUs: 12 total, 12 available
 Memory: 24260M
 Large Page Support: Disabled
 NUMA Support: Disabled
 Compressed Oops: Enabled (Zero based)
 Heap Region Size: 4M
 Heap Min Capacity: 8M
 Heap Initial Capacity: 380M
 Heap Max Capacity: 6068M
 Pre-touch: Disabled
 Parallel Workers: 10
 Concurrent Workers: 3
 Concurrent Refinement Workers: 10
 Periodic GC: Disabled
Heap:
 garbage-first heap   total reserved 6213632K, committed 98304K, used 42398K [0x0000000684c00000, 0x0000000800000000)
  region size 4096K, 3 young (12288K), 1 survivors (4096K)
 Metaspace       used 72449K, committed 73024K, reserved 1114112K
  class space    used 9007K, committed 9280K, reserved 1048576K
GC Heap History (20 events):
Event: 1825.924 GC heap before
{Heap before GC invocations=96 (full 0):
 garbage-first heap   total reserved 6213632K, committed 98304K, used 79165K [0x0000000684c00000, 0x0000000800000000)
  region size 4096K, 11 young (45056K), 1 survivors (4096K)
 Metaspace       used 72447K, committed 73024K, reserved 1114112K
  class space    used 9007K, committed 9280K, reserved 1048576K
}
Event: 1825.928 GC heap after
{Heap after GC invocations=97 (full 0):
 garbage-first heap   total reserved 6213632K, committed 98304K, used 38184K [0x0000000684c00000, 0x0000000800000000)
  region size 4096K, 1 young (4096K), 1 survivors (4096K)
 Metaspace       used 72447K, committed 73024K, reserved 1114112K
  class space    used 9007K, committed 9280K, reserved 1048576K
}
Event: 1827.249 GC heap before
{Heap before GC invocations=97 (full 0):
 garbage-first heap   total reserved 6213632K, committed 98304K, used 79144K [0x0000000684c00000, 0x0000000800000000)
  region size 4096K, 11 young (45056K), 1 survivors (4096K)
 Metaspace       used 72447K, committed 73024K, reserved 1114112K
  class space    used 9007K, committed 9280K, reserved 1048576K
}
Event: 1827.252 GC heap after
{Heap after GC invocations=98 (full 0):
 garbage-first heap   total reserved 6213632K, committed 98304K, used 38192K [0x0000000684c00000, 0x0000000800000000)
  region size 4096K, 1 young (4096K), 1 survivors (4096K)
 Metaspace       used 72447K, committed 73024K, reserved 1114112K
  class space    used 9007K, committed 9280K, reserved 1048576K
}
Event: 1828.780 GC heap before
{Heap before GC invocations=99 (full 0):
 garbage-first heap   total reserved 6213632K, committed 98304K, used 79152K [0x0000000684c00000, 0x0000000800000000)
  region size 4096K, 11 young (45056K), 1 survivors (4096K)
 Metaspace       used 72447K, committed 73024K, reserved 1114112K
  class space    used 9007K, committed 9280K, reserved 1048576K
}
Event: 1828.782 GC heap after
{Heap after GC invocations=100 (full 0):
 garbage-first heap   total reserved 6213632K, committed 98304K, used 38211K [0x0000000684c00000, 0x0000000800000000)
  region size 4096K, 1 young (4096K), 1 survivors (4096K)
 Metaspace       used 72447K, committed 73024K, reserved 1114112K
  class space    used 9007K, committed 9280K, reserved 1048576K
}
Event: 1830.637 GC heap before
{Heap before GC invocations=100 (full 0):
 garbage-first heap   total reserved 6213632K, committed 98304K, used 79171K [0x0000000684c00000, 0x0000000800000000)
  region size 4096K, 11 young (45056K), 1 survivors (4096K)
 Metaspace       used 72447K, committed 73024K, reserved 1114112K
  class space    used 9007K, committed 9280K, reserved 1048576K
}
Event: 1830.640 GC heap after
{Heap after GC invocations=101 (full 0):
 garbage-first heap   total reserved 6213632K, committed 98304K, used 38225K [0x0000000684c00000, 0x0000000800000000)
  region size 4096K, 1 young (4096K), 1 survivors (4096K)
 Metaspace       used 72447K, committed 73024K, reserved 1114112K
  class space    used 9007K, committed 9280K, reserved 1048576K
}
Event: 1832.722 GC heap before
{Heap before GC invocations=102 (full 0):
 garbage-first heap   total reserved 6213632K, committed 98304K, used 79185K [0x0000000684c00000, 0x0000000800000000)
  region size 4096K, 11 young (45056K), 1 survivors (4096K)
 Metaspace       used 72447K, committed 73024K, reserved 1114112K
  class space    used 9007K, committed 9280K, reserved 1048576K
}
Event: 1832.726 GC heap after
{Heap after GC invocations=103 (full 0):
 garbage-first heap   total reserved 6213632K, committed 98304K, used 38211K [0x0000000684c00000, 0x0000000800000000)
  region size 4096K, 1 young (4096K), 1 survivors (4096K)
 Metaspace       used 72447K, committed 73024K, reserved 1114112K
  class space    used 9007K, committed 9280K, reserved 1048576K
}
Event: 1834.308 GC heap before
{Heap before GC invocations=103 (full 0):
 garbage-first heap   total reserved 6213632K, committed 98304K, used 79171K [0x0000000684c00000, 0x0000000800000000)
  region size 4096K, 11 young (45056K), 1 survivors (4096K)
 Metaspace       used 72447K, committed 73024K, reserved 1114112K
  class space    used 9007K, committed 9280K, reserved 1048576K
}
Event: 1834.310 GC heap after
{Heap after GC invocations=104 (full 0):
 garbage-first heap   total reserved 6213632K, committed 98304K, used 38212K [0x0000000684c00000, 0x0000000800000000)
  region size 4096K, 1 young (4096K), 1 survivors (4096K)
 Metaspace       used 72447K, committed 73024K, reserved 1114112K
  class space    used 9007K, committed 9280K, reserved 1048576K
}
Event: 1835.387 GC heap before
{Heap before GC invocations=105 (full 0):
 garbage-first heap   total reserved 6213632K, committed 98304K, used 79172K [0x0000000684c00000, 0x0000000800000000)
  region size 4096K, 11 young (45056K), 1 survivors (4096K)
 Metaspace       used 72448K, committed 73024K, reserved 1114112K
  class space    used 9007K, committed 9280K, reserved 1048576K
}
Event: 1835.388 GC heap after
{Heap after GC invocations=106 (full 0):
 garbage-first heap   total reserved 6213632K, committed 98304K, used 38219K [0x0000000684c00000, 0x0000000800000000)
  region size 4096K, 1 young (4096K), 1 survivors (4096K)
 Metaspace       used 72448K, committed 73024K, reserved 1114112K
  class space    used 9007K, committed 9280K, reserved 1048576K
}
Event: 1837.378 GC heap before
{Heap before GC invocations=106 (full 0):
 garbage-first heap   total reserved 6213632K, committed 98304K, used 79179K [0x0000000684c00000, 0x0000000800000000)
  region size 4096K, 11 young (45056K), 1 survivors (4096K)
 Metaspace       used 72448K, committed 73024K, reserved 1114112K
  class space    used 9007K, committed 9280K, reserved 1048576K
}
Event: 1837.383 GC heap after
{Heap after GC invocations=107 (full 0):
 garbage-first heap   total reserved 6213632K, committed 98304K, used 38230K [0x0000000684c00000, 0x0000000800000000)
  region size 4096K, 1 young (4096K), 1 survivors (4096K)
 Metaspace       used 72448K, committed 73024K, reserved 1114112K
  class space    used 9007K, committed 9280K, reserved 1048576K
}
Event: 1839.659 GC heap before
{Heap before GC invocations=108 (full 0):
 garbage-first heap   total reserved 6213632K, committed 98304K, used 79190K [0x0000000684c00000, 0x0000000800000000)
  region size 4096K, 11 young (45056K), 1 survivors (4096K)
 Metaspace       used 72448K, committed 73024K, reserved 1114112K
  class space    used 9007K, committed 9280K, reserved 1048576K
}
Event: 1839.661 GC heap after
{Heap after GC invocations=109 (full 0):
 garbage-first heap   total reserved 6213632K, committed 98304K, used 38227K [0x0000000684c00000, 0x0000000800000000)
  region size 4096K, 1 young (4096K), 1 survivors (4096K)
 Metaspace       used 72448K, committed 73024K, reserved 1114112K
  class space    used 9007K, committed 9280K, reserved 1048576K
}
Event: 1842.265 GC heap before
{Heap before GC invocations=109 (full 0):
 garbage-first heap   total reserved 6213632K, committed 98304K, used 79187K [0x0000000684c00000, 0x0000000800000000)
  region size 4096K, 11 young (45056K), 1 survivors (4096K)
 Metaspace       used 72449K, committed 73024K, reserved 1114112K
  class space    used 9007K, committed 9280K, reserved 1048576K
}
Event: 1842.268 GC heap after
{Heap after GC invocations=110 (full 0):
 garbage-first heap   total reserved 6213632K, committed 98304K, used 38302K [0x0000000684c00000, 0x0000000800000000)
  region size 4096K, 1 young (4096K), 1 survivors (4096K)
 Metaspace       used 72449K, committed 73024K, reserved 1114112K
  class space    used 9007K, committed 9280K, reserved 1048576K
}

