# JRE version: OpenJDK Runtime Environment (22.0+36) (build 22+36-2370)
# Java VM: OpenJDK 64-Bit Server VM (22+36-2370, mixed mode, sharing, tiered, compressed oops, compressed class ptrs, g1 gc, windows-amd64)
GC Precious Log:
 CardTable entry size: 512
 Card Set container configuration: InlinePtr #cards 4 size 8 Array Of Cards #cards 32 size 80 Howl #buckets 8 coarsen threshold 7372 Howl Bitmap #cards 1024 size 144 coarsen threshold 921 Card regions per heap region 1 cards per card region 8192
 CPUs: 12 total, 12 available
 Memory: 24260M
 Large Page Support: Disabled
 NUMA Support: Disabled
 Compressed Oops: Enabled (Zero based)
 Heap Region Size: 4M
 Heap Min Capacity: 8M
 Heap Initial Capacity: 380M
 Heap Max Capacity: 6068M
 Pre-touch: Disabled
 Parallel Workers: 10
 Concurrent Workers: 3
 Concurrent Refinement Workers: 10
 Periodic GC: Disabled
Heap:
 garbage-first heap   total reserved 6213632K, committed 86016K, used 42418K [0x0000000684c00000, 0x0000000800000000)
  region size 4096K, 4 young (16384K), 1 survivors (4096K)
 Metaspace       used 69438K, committed 69888K, reserved 1114112K
  class space    used 8742K, committed 8960K, reserved 1048576K
GC Heap History (20 events):
Event: 31.487 GC heap before
{Heap before GC invocations=32 (full 0):
 garbage-first heap   total reserved 6213632K, committed 86016K, used 67478K [0x0000000684c00000, 0x0000000800000000)
  region size 4096K, 9 young (36864K), 1 survivors (4096K)
 Metaspace       used 69233K, committed 69760K, reserved 1114112K
  class space    used 8743K, committed 8960K, reserved 1048576K
}
Event: 31.489 GC heap after
{Heap after GC invocations=33 (full 0):
 garbage-first heap   total reserved 6213632K, committed 86016K, used 34736K [0x0000000684c00000, 0x0000000800000000)
  region size 4096K, 1 young (4096K), 1 survivors (4096K)
 Metaspace       used 69233K, committed 69760K, reserved 1114112K
  class space    used 8743K, committed 8960K, reserved 1048576K
}
Event: 32.758 GC heap before
{Heap before GC invocations=34 (full 0):
 garbage-first heap   total reserved 6213632K, committed 86016K, used 63408K [0x0000000684c00000, 0x0000000800000000)
  region size 4096K, 9 young (36864K), 1 survivors (4096K)
 Metaspace       used 69265K, committed 69760K, reserved 1114112K
  class space    used 8743K, committed 8960K, reserved 1048576K
}
Event: 32.765 GC heap after
{Heap after GC invocations=35 (full 0):
 garbage-first heap   total reserved 6213632K, committed 86016K, used 34742K [0x0000000684c00000, 0x0000000800000000)
  region size 4096K, 1 young (4096K), 1 survivors (4096K)
 Metaspace       used 69265K, committed 69760K, reserved 1114112K
  class space    used 8743K, committed 8960K, reserved 1048576K
}
Event: 34.082 GC heap before
{Heap before GC invocations=35 (full 0):
 garbage-first heap   total reserved 6213632K, committed 86016K, used 67510K [0x0000000684c00000, 0x0000000800000000)
  region size 4096K, 9 young (36864K), 1 survivors (4096K)
 Metaspace       used 69295K, committed 69760K, reserved 1114112K
  class space    used 8743K, committed 8960K, reserved 1048576K
}
Event: 34.096 GC heap after
{Heap after GC invocations=36 (full 0):
 garbage-first heap   total reserved 6213632K, committed 86016K, used 34088K [0x0000000684c00000, 0x0000000800000000)
  region size 4096K, 1 young (4096K), 1 survivors (4096K)
 Metaspace       used 69295K, committed 69760K, reserved 1114112K
  class space    used 8743K, committed 8960K, reserved 1048576K
}
Event: 35.306 GC heap before
{Heap before GC invocations=36 (full 0):
 garbage-first heap   total reserved 6213632K, committed 86016K, used 66856K [0x0000000684c00000, 0x0000000800000000)
  region size 4096K, 9 young (36864K), 1 survivors (4096K)
 Metaspace       used 69346K, committed 69824K, reserved 1114112K
  class space    used 8743K, committed 8960K, reserved 1048576K
}
Event: 35.308 GC heap after
{Heap after GC invocations=37 (full 0):
 garbage-first heap   total reserved 6213632K, committed 86016K, used 34079K [0x0000000684c00000, 0x0000000800000000)
  region size 4096K, 1 young (4096K), 1 survivors (4096K)
 Metaspace       used 69346K, committed 69824K, reserved 1114112K
  class space    used 8743K, committed 8960K, reserved 1048576K
}
Event: 36.414 GC heap before
{Heap before GC invocations=38 (full 0):
 garbage-first heap   total reserved 6213632K, committed 86016K, used 66847K [0x0000000684c00000, 0x0000000800000000)
  region size 4096K, 9 young (36864K), 1 survivors (4096K)
 Metaspace       used 69346K, committed 69824K, reserved 1114112K
  class space    used 8743K, committed 8960K, reserved 1048576K
}
Event: 36.420 GC heap after
{Heap after GC invocations=39 (full 0):
 garbage-first heap   total reserved 6213632K, committed 86016K, used 34131K [0x0000000684c00000, 0x0000000800000000)
  region size 4096K, 1 young (4096K), 1 survivors (4096K)
 Metaspace       used 69346K, committed 69824K, reserved 1114112K
  class space    used 8743K, committed 8960K, reserved 1048576K
}
Event: 37.680 GC heap before
{Heap before GC invocations=39 (full 0):
 garbage-first heap   total reserved 6213632K, committed 86016K, used 66899K [0x0000000684c00000, 0x0000000800000000)
  region size 4096K, 9 young (36864K), 1 survivors (4096K)
 Metaspace       used 69383K, committed 69824K, reserved 1114112K
  class space    used 8743K, committed 8960K, reserved 1048576K
}
Event: 37.697 GC heap after
{Heap after GC invocations=40 (full 0):
 garbage-first heap   total reserved 6213632K, committed 86016K, used 33750K [0x0000000684c00000, 0x0000000800000000)
  region size 4096K, 1 young (4096K), 1 survivors (4096K)
 Metaspace       used 69383K, committed 69824K, reserved 1114112K
  class space    used 8743K, committed 8960K, reserved 1048576K
}
Event: 38.848 GC heap before
{Heap before GC invocations=40 (full 0):
 garbage-first heap   total reserved 6213632K, committed 86016K, used 66518K [0x0000000684c00000, 0x0000000800000000)
  region size 4096K, 9 young (36864K), 1 survivors (4096K)
 Metaspace       used 69424K, committed 69888K, reserved 1114112K
  class space    used 8745K, committed 8960K, reserved 1048576K
}
Event: 38.854 GC heap after
{Heap after GC invocations=41 (full 0):
 garbage-first heap   total reserved 6213632K, committed 86016K, used 34080K [0x0000000684c00000, 0x0000000800000000)
  region size 4096K, 1 young (4096K), 1 survivors (4096K)
 Metaspace       used 69424K, committed 69888K, reserved 1114112K
  class space    used 8745K, committed 8960K, reserved 1048576K
}
Event: 39.938 GC heap before
{Heap before GC invocations=42 (full 0):
 garbage-first heap   total reserved 6213632K, committed 86016K, used 66848K [0x0000000684c00000, 0x0000000800000000)
  region size 4096K, 9 young (36864K), 1 survivors (4096K)
 Metaspace       used 69426K, committed 69888K, reserved 1114112K
  class space    used 8742K, committed 8960K, reserved 1048576K
}
Event: 39.939 GC heap after
{Heap after GC invocations=43 (full 0):
 garbage-first heap   total reserved 6213632K, committed 86016K, used 34188K [0x0000000684c00000, 0x0000000800000000)
  region size 4096K, 1 young (4096K), 1 survivors (4096K)
 Metaspace       used 69426K, committed 69888K, reserved 1114112K
  class space    used 8742K, committed 8960K, reserved 1048576K
}
Event: 40.775 GC heap before
{Heap before GC invocations=43 (full 0):
 garbage-first heap   total reserved 6213632K, committed 86016K, used 66956K [0x0000000684c00000, 0x0000000800000000)
  region size 4096K, 9 young (36864K), 1 survivors (4096K)
 Metaspace       used 69438K, committed 69888K, reserved 1114112K
  class space    used 8742K, committed 8960K, reserved 1048576K
}
Event: 40.778 GC heap after
{Heap after GC invocations=44 (full 0):
 garbage-first heap   total reserved 6213632K, committed 86016K, used 34223K [0x0000000684c00000, 0x0000000800000000)
  region size 4096K, 1 young (4096K), 1 survivors (4096K)
 Metaspace       used 69438K, committed 69888K, reserved 1114112K
  class space    used 8742K, committed 8960K, reserved 1048576K
}
Event: 41.642 GC heap before
{Heap before GC invocations=45 (full 0):
 garbage-first heap   total reserved 6213632K, committed 86016K, used 66991K [0x0000000684c00000, 0x0000000800000000)
  region size 4096K, 9 young (36864K), 1 survivors (4096K)
 Metaspace       used 69438K, committed 69888K, reserved 1114112K
  class space    used 8742K, committed 8960K, reserved 1048576K
}
Event: 41.646 GC heap after
{Heap after GC invocations=46 (full 0):
 garbage-first heap   total reserved 6213632K, committed 86016K, used 34226K [0x0000000684c00000, 0x0000000800000000)
  region size 4096K, 1 young (4096K), 1 survivors (4096K)
 Metaspace       used 69438K, committed 69888K, reserved 1114112K
  class space    used 8742K, committed 8960K, reserved 1048576K
}

