# JRE version: OpenJDK Runtime Environment (22.0+36) (build 22+36-2370)
# Java VM: OpenJDK 64-Bit Server VM (22+36-2370, mixed mode, sharing, tiered, compressed oops, compressed class ptrs, g1 gc, windows-amd64)
GC Precious Log:
 CardTable entry size: 512
 Card Set container configuration: InlinePtr #cards 4 size 8 Array Of Cards #cards 32 size 80 Howl #buckets 8 coarsen threshold 7372 Howl Bitmap #cards 1024 size 144 coarsen threshold 921 Card regions per heap region 1 cards per card region 8192
 CPUs: 12 total, 12 available
 Memory: 24260M
 Large Page Support: Disabled
 NUMA Support: Disabled
 Compressed Oops: Enabled (Zero based)
 Heap Region Size: 4M
 Heap Min Capacity: 8M
 Heap Initial Capacity: 380M
 Heap Max Capacity: 6068M
 Pre-touch: Disabled
 Parallel Workers: 10
 Concurrent Workers: 3
 Concurrent Refinement Workers: 10
 Periodic GC: Disabled
Heap:
 garbage-first heap   total reserved 6213632K, committed 139264K, used 64993K [0x0000000684c00000, 0x0000000800000000)
  region size 4096K, 10 young (40960K), 2 survivors (8192K)
 Metaspace       used 68993K, committed 69504K, reserved 1114112K
  class space    used 8716K, committed 8960K, reserved 1048576K
GC Heap History (20 events):
Event: 2.161 GC heap before
{Heap before GC invocations=5 (full 0):
 garbage-first heap   total reserved 6213632K, committed 57344K, used 38724K [0x0000000684c00000, 0x0000000800000000)
  region size 4096K, 7 young (28672K), 1 survivors (4096K)
 Metaspace       used 26489K, committed 26816K, reserved 1114112K
  class space    used 3276K, committed 3456K, reserved 1048576K
}
Event: 2.167 GC heap after
{Heap after GC invocations=6 (full 0):
 garbage-first heap   total reserved 6213632K, committed 57344K, used 15859K [0x0000000684c00000, 0x0000000800000000)
  region size 4096K, 1 young (4096K), 1 survivors (4096K)
 Metaspace       used 26489K, committed 26816K, reserved 1114112K
  class space    used 3276K, committed 3456K, reserved 1048576K
}
Event: 2.553 GC heap before
{Heap before GC invocations=6 (full 0):
 garbage-first heap   total reserved 6213632K, committed 57344K, used 44531K [0x0000000684c00000, 0x0000000800000000)
  region size 4096K, 8 young (32768K), 1 survivors (4096K)
 Metaspace       used 29861K, committed 30208K, reserved 1114112K
  class space    used 3737K, committed 3904K, reserved 1048576K
}
Event: 2.562 GC heap after
{Heap after GC invocations=7 (full 0):
 garbage-first heap   total reserved 6213632K, committed 225280K, used 18592K [0x0000000684c00000, 0x0000000800000000)
  region size 4096K, 1 young (4096K), 1 survivors (4096K)
 Metaspace       used 29861K, committed 30208K, reserved 1114112K
  class space    used 3737K, committed 3904K, reserved 1048576K
}
Event: 3.222 GC heap before
{Heap before GC invocations=7 (full 0):
 garbage-first heap   total reserved 6213632K, committed 225280K, used 55456K [0x0000000684c00000, 0x0000000800000000)
  region size 4096K, 11 young (45056K), 1 survivors (4096K)
 Metaspace       used 35696K, committed 36096K, reserved 1114112K
  class space    used 4381K, committed 4608K, reserved 1048576K
}
Event: 3.229 GC heap after
{Heap after GC invocations=8 (full 0):
 garbage-first heap   total reserved 6213632K, committed 225280K, used 22519K [0x0000000684c00000, 0x0000000800000000)
  region size 4096K, 2 young (8192K), 2 survivors (8192K)
 Metaspace       used 35696K, committed 36096K, reserved 1114112K
  class space    used 4381K, committed 4608K, reserved 1048576K
}
Event: 3.965 GC heap before
{Heap before GC invocations=9 (full 0):
 garbage-first heap   total reserved 6213632K, committed 81920K, used 63479K [0x0000000684c00000, 0x0000000800000000)
  region size 4096K, 12 young (49152K), 2 survivors (8192K)
 Metaspace       used 46553K, committed 46976K, reserved 1114112K
  class space    used 6074K, committed 6272K, reserved 1048576K
}
Event: 3.975 GC heap after
{Heap after GC invocations=10 (full 0):
 garbage-first heap   total reserved 6213632K, committed 81920K, used 25752K [0x0000000684c00000, 0x0000000800000000)
  region size 4096K, 2 young (8192K), 2 survivors (8192K)
 Metaspace       used 46553K, committed 46976K, reserved 1114112K
  class space    used 6074K, committed 6272K, reserved 1048576K
}
Event: 4.793 GC heap before
{Heap before GC invocations=10 (full 0):
 garbage-first heap   total reserved 6213632K, committed 81920K, used 66712K [0x0000000684c00000, 0x0000000800000000)
  region size 4096K, 12 young (49152K), 2 survivors (8192K)
 Metaspace       used 54676K, committed 55104K, reserved 1114112K
  class space    used 7288K, committed 7488K, reserved 1048576K
}
Event: 4.810 GC heap after
{Heap after GC invocations=11 (full 0):
 garbage-first heap   total reserved 6213632K, committed 86016K, used 28021K [0x0000000684c00000, 0x0000000800000000)
  region size 4096K, 2 young (8192K), 2 survivors (8192K)
 Metaspace       used 54676K, committed 55104K, reserved 1114112K
  class space    used 7288K, committed 7488K, reserved 1048576K
}
Event: 5.237 GC heap before
{Heap before GC invocations=11 (full 0):
 garbage-first heap   total reserved 6213632K, committed 86016K, used 64885K [0x0000000684c00000, 0x0000000800000000)
  region size 4096K, 11 young (45056K), 2 survivors (8192K)
 Metaspace       used 56512K, committed 57024K, reserved 1114112K
  class space    used 7502K, committed 7744K, reserved 1048576K
}
Event: 5.245 GC heap after
{Heap after GC invocations=12 (full 0):
 garbage-first heap   total reserved 6213632K, committed 237568K, used 31848K [0x0000000684c00000, 0x0000000800000000)
  region size 4096K, 2 young (8192K), 2 survivors (8192K)
 Metaspace       used 56512K, committed 57024K, reserved 1114112K
  class space    used 7502K, committed 7744K, reserved 1048576K
}
Event: 5.933 GC heap before
{Heap before GC invocations=12 (full 0):
 garbage-first heap   total reserved 6213632K, committed 237568K, used 68712K [0x0000000684c00000, 0x0000000800000000)
  region size 4096K, 12 young (49152K), 2 survivors (8192K)
 Metaspace       used 59873K, committed 60288K, reserved 1114112K
  class space    used 7970K, committed 8192K, reserved 1048576K
}
Event: 5.941 GC heap after
{Heap after GC invocations=13 (full 0):
 garbage-first heap   total reserved 6213632K, committed 237568K, used 34429K [0x0000000684c00000, 0x0000000800000000)
  region size 4096K, 3 young (12288K), 3 survivors (12288K)
 Metaspace       used 59873K, committed 60288K, reserved 1114112K
  class space    used 7970K, committed 8192K, reserved 1048576K
}
Event: 10.386 GC heap before
{Heap before GC invocations=14 (full 0):
 garbage-first heap   total reserved 6213632K, committed 139264K, used 104061K [0x0000000684c00000, 0x0000000800000000)
  region size 4096K, 20 young (81920K), 3 survivors (12288K)
 Metaspace       used 66892K, committed 67456K, reserved 1114112K
  class space    used 8710K, committed 8960K, reserved 1048576K
}
Event: 10.403 GC heap after
{Heap after GC invocations=15 (full 0):
 garbage-first heap   total reserved 6213632K, committed 139264K, used 36527K [0x0000000684c00000, 0x0000000800000000)
  region size 4096K, 3 young (12288K), 3 survivors (12288K)
 Metaspace       used 66892K, committed 67456K, reserved 1114112K
  class space    used 8710K, committed 8960K, reserved 1048576K
}
Event: 15.785 GC heap before
{Heap before GC invocations=15 (full 0):
 garbage-first heap   total reserved 6213632K, committed 139264K, used 106159K [0x0000000684c00000, 0x0000000800000000)
  region size 4096K, 20 young (81920K), 3 survivors (12288K)
 Metaspace       used 68236K, committed 68736K, reserved 1114112K
  class space    used 8715K, committed 8960K, reserved 1048576K
}
Event: 15.804 GC heap after
{Heap after GC invocations=16 (full 0):
 garbage-first heap   total reserved 6213632K, committed 139264K, used 36246K [0x0000000684c00000, 0x0000000800000000)
  region size 4096K, 2 young (8192K), 2 survivors (8192K)
 Metaspace       used 68236K, committed 68736K, reserved 1114112K
  class space    used 8715K, committed 8960K, reserved 1048576K
}
Event: 18.428 GC heap before
{Heap before GC invocations=16 (full 0):
 garbage-first heap   total reserved 6213632K, committed 139264K, used 109974K [0x0000000684c00000, 0x0000000800000000)
  region size 4096K, 20 young (81920K), 2 survivors (8192K)
 Metaspace       used 68490K, committed 69056K, reserved 1114112K
  class space    used 8715K, committed 8960K, reserved 1048576K
}
Event: 18.432 GC heap after
{Heap after GC invocations=17 (full 0):
 garbage-first heap   total reserved 6213632K, committed 139264K, used 36321K [0x0000000684c00000, 0x0000000800000000)
  region size 4096K, 2 young (8192K), 2 survivors (8192K)
 Metaspace       used 68490K, committed 69056K, reserved 1114112K
  class space    used 8715K, committed 8960K, reserved 1048576K
}

