# JRE version: OpenJDK Runtime Environment (22.0+36) (build 22+36-2370)
# Java VM: OpenJDK 64-Bit Server VM (22+36-2370, mixed mode, sharing, tiered, compressed oops, compressed class ptrs, g1 gc, windows-amd64)
GC Precious Log:
 CardTable entry size: 512
 Card Set container configuration: InlinePtr #cards 4 size 8 Array Of Cards #cards 32 size 80 Howl #buckets 8 coarsen threshold 7372 Howl Bitmap #cards 1024 size 144 coarsen threshold 921 Card regions per heap region 1 cards per card region 8192
 CPUs: 12 total, 12 available
 Memory: 24260M
 Large Page Support: Disabled
 NUMA Support: Disabled
 Compressed Oops: Enabled (Zero based)
 Heap Region Size: 4M
 Heap Min Capacity: 8M
 Heap Initial Capacity: 380M
 Heap Max Capacity: 6068M
 Pre-touch: Disabled
 Parallel Workers: 10
 Concurrent Workers: 3
 Concurrent Refinement Workers: 10
 Periodic GC: Disabled
Heap:
 garbage-first heap   total reserved 6213632K, committed 139264K, used 41485K [0x0000000684c00000, 0x0000000800000000)
  region size 4096K, 4 young (16384K), 2 survivors (8192K)
 Metaspace       used 69209K, committed 69760K, reserved 1114112K
  class space    used 8829K, committed 9024K, reserved 1048576K
GC Heap History (20 events):
Event: 1.617 GC heap before
{Heap before GC invocations=4 (full 0):
 garbage-first heap   total reserved 6213632K, committed 57344K, used 36592K [0x0000000684c00000, 0x0000000800000000)
  region size 4096K, 8 young (32768K), 2 survivors (8192K)
 Metaspace       used 23321K, committed 23680K, reserved 1114112K
  class space    used 2869K, committed 3008K, reserved 1048576K
}
Event: 1.632 GC heap after
{Heap after GC invocations=5 (full 0):
 garbage-first heap   total reserved 6213632K, committed 57344K, used 14223K [0x0000000684c00000, 0x0000000800000000)
  region size 4096K, 1 young (4096K), 1 survivors (4096K)
 Metaspace       used 23321K, committed 23680K, reserved 1114112K
  class space    used 2869K, committed 3008K, reserved 1048576K
}
Event: 2.047 GC heap before
{Heap before GC invocations=5 (full 0):
 garbage-first heap   total reserved 6213632K, committed 57344K, used 34703K [0x0000000684c00000, 0x0000000800000000)
  region size 4096K, 6 young (24576K), 1 survivors (4096K)
 Metaspace       used 26300K, committed 26688K, reserved 1114112K
  class space    used 3260K, committed 3456K, reserved 1048576K
}
Event: 2.054 GC heap after
{Heap after GC invocations=6 (full 0):
 garbage-first heap   total reserved 6213632K, committed 57344K, used 15652K [0x0000000684c00000, 0x0000000800000000)
  region size 4096K, 1 young (4096K), 1 survivors (4096K)
 Metaspace       used 26300K, committed 26688K, reserved 1114112K
  class space    used 3260K, committed 3456K, reserved 1048576K
}
Event: 2.537 GC heap before
{Heap before GC invocations=6 (full 0):
 garbage-first heap   total reserved 6213632K, committed 57344K, used 44324K [0x0000000684c00000, 0x0000000800000000)
  region size 4096K, 8 young (32768K), 1 survivors (4096K)
 Metaspace       used 29252K, committed 29632K, reserved 1114112K
  class space    used 3665K, committed 3840K, reserved 1048576K
}
Event: 2.552 GC heap after
{Heap after GC invocations=7 (full 0):
 garbage-first heap   total reserved 6213632K, committed 225280K, used 18075K [0x0000000684c00000, 0x0000000800000000)
  region size 4096K, 1 young (4096K), 1 survivors (4096K)
 Metaspace       used 29252K, committed 29632K, reserved 1114112K
  class space    used 3665K, committed 3840K, reserved 1048576K
}
Event: 3.394 GC heap before
{Heap before GC invocations=7 (full 0):
 garbage-first heap   total reserved 6213632K, committed 225280K, used 59035K [0x0000000684c00000, 0x0000000800000000)
  region size 4096K, 12 young (49152K), 1 survivors (4096K)
 Metaspace       used 35702K, committed 36096K, reserved 1114112K
  class space    used 4378K, committed 4608K, reserved 1048576K
}
Event: 3.425 GC heap after
{Heap after GC invocations=8 (full 0):
 garbage-first heap   total reserved 6213632K, committed 225280K, used 22171K [0x0000000684c00000, 0x0000000800000000)
  region size 4096K, 2 young (8192K), 2 survivors (8192K)
 Metaspace       used 35702K, committed 36096K, reserved 1114112K
  class space    used 4378K, committed 4608K, reserved 1048576K
}
Event: 4.461 GC heap before
{Heap before GC invocations=9 (full 0):
 garbage-first heap   total reserved 6213632K, committed 81920K, used 63131K [0x0000000684c00000, 0x0000000800000000)
  region size 4096K, 12 young (49152K), 2 survivors (8192K)
 Metaspace       used 46568K, committed 46976K, reserved 1114112K
  class space    used 6069K, committed 6272K, reserved 1048576K
}
Event: 4.474 GC heap after
{Heap after GC invocations=10 (full 0):
 garbage-first heap   total reserved 6213632K, committed 81920K, used 25606K [0x0000000684c00000, 0x0000000800000000)
  region size 4096K, 2 young (8192K), 2 survivors (8192K)
 Metaspace       used 46568K, committed 46976K, reserved 1114112K
  class space    used 6069K, committed 6272K, reserved 1048576K
}
Event: 5.376 GC heap before
{Heap before GC invocations=10 (full 0):
 garbage-first heap   total reserved 6213632K, committed 81920K, used 66566K [0x0000000684c00000, 0x0000000800000000)
  region size 4096K, 12 young (49152K), 2 survivors (8192K)
 Metaspace       used 54702K, committed 55168K, reserved 1114112K
  class space    used 7288K, committed 7488K, reserved 1048576K
}
Event: 5.390 GC heap after
{Heap after GC invocations=11 (full 0):
 garbage-first heap   total reserved 6213632K, committed 86016K, used 28039K [0x0000000684c00000, 0x0000000800000000)
  region size 4096K, 2 young (8192K), 2 survivors (8192K)
 Metaspace       used 54702K, committed 55168K, reserved 1114112K
  class space    used 7288K, committed 7488K, reserved 1048576K
}
Event: 6.062 GC heap before
{Heap before GC invocations=11 (full 0):
 garbage-first heap   total reserved 6213632K, committed 86016K, used 64903K [0x0000000684c00000, 0x0000000800000000)
  region size 4096K, 11 young (45056K), 2 survivors (8192K)
 Metaspace       used 56542K, committed 57088K, reserved 1114112K
  class space    used 7500K, committed 7744K, reserved 1048576K
}
Event: 6.069 GC heap after
{Heap after GC invocations=12 (full 0):
 garbage-first heap   total reserved 6213632K, committed 237568K, used 31730K [0x0000000684c00000, 0x0000000800000000)
  region size 4096K, 2 young (8192K), 2 survivors (8192K)
 Metaspace       used 56542K, committed 57088K, reserved 1114112K
  class space    used 7500K, committed 7744K, reserved 1048576K
}
Event: 6.815 GC heap before
{Heap before GC invocations=12 (full 0):
 garbage-first heap   total reserved 6213632K, committed 237568K, used 68594K [0x0000000684c00000, 0x0000000800000000)
  region size 4096K, 12 young (49152K), 2 survivors (8192K)
 Metaspace       used 59798K, committed 60288K, reserved 1114112K
  class space    used 7953K, committed 8192K, reserved 1048576K
}
Event: 6.832 GC heap after
{Heap after GC invocations=13 (full 0):
 garbage-first heap   total reserved 6213632K, committed 237568K, used 34676K [0x0000000684c00000, 0x0000000800000000)
  region size 4096K, 3 young (12288K), 3 survivors (12288K)
 Metaspace       used 59798K, committed 60288K, reserved 1114112K
  class space    used 7953K, committed 8192K, reserved 1048576K
}
Event: 11.725 GC heap before
{Heap before GC invocations=14 (full 0):
 garbage-first heap   total reserved 6213632K, committed 139264K, used 104308K [0x0000000684c00000, 0x0000000800000000)
  region size 4096K, 20 young (81920K), 3 survivors (12288K)
 Metaspace       used 67106K, committed 67648K, reserved 1114112K
  class space    used 8748K, committed 8960K, reserved 1048576K
}
Event: 11.733 GC heap after
{Heap after GC invocations=15 (full 0):
 garbage-first heap   total reserved 6213632K, committed 139264K, used 37177K [0x0000000684c00000, 0x0000000800000000)
  region size 4096K, 3 young (12288K), 3 survivors (12288K)
 Metaspace       used 67106K, committed 67648K, reserved 1114112K
  class space    used 8748K, committed 8960K, reserved 1048576K
}
Event: 18.129 GC heap before
{Heap before GC invocations=15 (full 0):
 garbage-first heap   total reserved 6213632K, committed 139264K, used 106809K [0x0000000684c00000, 0x0000000800000000)
  region size 4096K, 20 young (81920K), 3 survivors (12288K)
 Metaspace       used 69013K, committed 69504K, reserved 1114112K
  class space    used 8829K, committed 9024K, reserved 1048576K
}
Event: 18.140 GC heap after
{Heap after GC invocations=16 (full 0):
 garbage-first heap   total reserved 6213632K, committed 139264K, used 37389K [0x0000000684c00000, 0x0000000800000000)
  region size 4096K, 2 young (8192K), 2 survivors (8192K)
 Metaspace       used 69013K, committed 69504K, reserved 1114112K
  class space    used 8829K, committed 9024K, reserved 1048576K
}

